<?xml version="1.0" encoding="UTF-8"?>
<testng-results ignored="0" total="12" passed="10" failed="2" skipped="0">
  <reporter-output>
  </reporter-output>
  <suite started-at="2025-03-21T16:35:08 IST" name="Suite" finished-at="2025-03-21T16:39:45 IST" duration-ms="277218">
    <groups>
      <group name="cucumber">
        <method signature="AbstractTestNGCucumberTests.runScenario(io.cucumber.testng.PickleWrapper,io.cucumber.testng.FeatureWrapper)[pri:0, instance:com.capstoneproject_demowebshop.runner.RunnerTestCase@2cd2a21f]" name="runScenario" class="io.cucumber.testng.AbstractTestNGCucumberTests"/>
      </group> <!-- cucumber -->
    </groups>
    <test started-at="2025-03-21T16:35:08 IST" name="Test" finished-at="2025-03-21T16:39:45 IST" duration-ms="277218">
      <class name="com.capstoneproject_demowebshop.runner.RunnerTestCase">
        <test-method is-config="true" signature="setUpClass(org.testng.ITestContext)[pri:0, instance:com.capstoneproject_demowebshop.runner.RunnerTestCase@2cd2a21f]" started-at="2025-03-21T16:35:08 IST" name="setUpClass" finished-at="2025-03-21T16:35:09 IST" duration-ms="1276" status="PASS">
          <params>
            <param index="0">
              <value>
                <![CDATA[org.testng.TestRunner@590013c7]]>
              </value>
            </param>
          </params>
          <reporter-output>
          </reporter-output>
        </test-method> <!-- setUpClass -->
        <test-method signature="runScenario(io.cucumber.testng.PickleWrapper,io.cucumber.testng.FeatureWrapper)[pri:0, instance:com.capstoneproject_demowebshop.runner.RunnerTestCase@2cd2a21f]" started-at="2025-03-21T16:35:09 IST" name="runScenario" description="Runs Cucumber Scenarios" data-provider="scenarios" finished-at="2025-03-21T16:35:44 IST" duration-ms="35092" status="FAIL">
          <params>
            <param index="0">
              <value>
                <![CDATA["adding items and purchasing"]]>
              </value>
            </param>
            <param index="1">
              <value>
                <![CDATA["adding the product and completing the purchase"]]>
              </value>
            </param>
          </params>
          <exception class="org.openqa.selenium.ElementClickInterceptedException">
            <message>
              <![CDATA[element click intercepted: Element <input type="button" class="button-1 payment-method-next-step-button" onclick="PaymentMethod.save()" value="Continue"> is not clickable at point (281, 594). Other element would receive the click: <a href="#" onclick="Checkout.back(); return false;">...</a>
  (Session info: MicrosoftEdge=134.0.3124.72)
Build info: version: '4.29.0', revision: '18ae989'
System info: os.name: 'Windows 10', os.arch: 'amd64', os.version: '10.0', java.version: '23.0.2'
Driver info: org.openqa.selenium.edge.EdgeDriver
Command: [fc34f022bf728e00d729a1b51a62c723, clickElement {id=f.C7D0420D3EE654259BA0372CCD15368E.d.C865DC0FD0996AABAEB57064B9924AEE.e.229}]
Capabilities {acceptInsecureCerts: false, browserName: MicrosoftEdge, browserVersion: 134.0.3124.72, fedcm:accounts: true, ms:edgeOptions: {debuggerAddress: localhost:53133}, msedge: {msedgedriverVersion: 134.0.3124.72 (c81e2c3854de..., userDataDir: C:\Users\User\AppData\Local...}, networkConnectionEnabled: false, pageLoadStrategy: normal, platformName: windows, proxy: Proxy(), se:cdp: ws://localhost:53133/devtoo..., se:cdpVersion: 134.0.3124.72, setWindowRect: true, strictFileInteractability: false, timeouts: {implicit: 0, pageLoad: 300000, script: 30000}, unhandledPromptBehavior: dismiss and notify, webauthn:extension:credBlob: true, webauthn:extension:largeBlob: true, webauthn:extension:minPinLength: true, webauthn:extension:prf: true, webauthn:virtualAuthenticators: true}
Element: [[EdgeDriver: MicrosoftEdge on windows (fc34f022bf728e00d729a1b51a62c723)] -> xpath: //input[@class='button-1 payment-method-next-step-button']]
Session ID: fc34f022bf728e00d729a1b51a62c723]]>
            </message>
            <full-stacktrace>
              <![CDATA[org.openqa.selenium.ElementClickInterceptedException: element click intercepted: Element <input type="button" class="button-1 payment-method-next-step-button" onclick="PaymentMethod.save()" value="Continue"> is not clickable at point (281, 594). Other element would receive the click: <a href="#" onclick="Checkout.back(); return false;">...</a>
  (Session info: MicrosoftEdge=134.0.3124.72)
Build info: version: '4.29.0', revision: '18ae989'
System info: os.name: 'Windows 10', os.arch: 'amd64', os.version: '10.0', java.version: '23.0.2'
Driver info: org.openqa.selenium.edge.EdgeDriver
Command: [fc34f022bf728e00d729a1b51a62c723, clickElement {id=f.C7D0420D3EE654259BA0372CCD15368E.d.C865DC0FD0996AABAEB57064B9924AEE.e.229}]
Capabilities {acceptInsecureCerts: false, browserName: MicrosoftEdge, browserVersion: 134.0.3124.72, fedcm:accounts: true, ms:edgeOptions: {debuggerAddress: localhost:53133}, msedge: {msedgedriverVersion: 134.0.3124.72 (c81e2c3854de..., userDataDir: C:\Users\User\AppData\Local...}, networkConnectionEnabled: false, pageLoadStrategy: normal, platformName: windows, proxy: Proxy(), se:cdp: ws://localhost:53133/devtoo..., se:cdpVersion: 134.0.3124.72, setWindowRect: true, strictFileInteractability: false, timeouts: {implicit: 0, pageLoad: 300000, script: 30000}, unhandledPromptBehavior: dismiss and notify, webauthn:extension:credBlob: true, webauthn:extension:largeBlob: true, webauthn:extension:minPinLength: true, webauthn:extension:prf: true, webauthn:virtualAuthenticators: true}
Element: [[EdgeDriver: MicrosoftEdge on windows (fc34f022bf728e00d729a1b51a62c723)] -> xpath: //input[@class='button-1 payment-method-next-step-button']]
Session ID: fc34f022bf728e00d729a1b51a62c723
at java.base/jdk.internal.reflect.DirectConstructorHandleAccessor.newInstance(DirectConstructorHandleAccessor.java:62)
at java.base/java.lang.reflect.Constructor.newInstanceWithCaller(Constructor.java:501)
at java.base/java.lang.reflect.Constructor.newInstance(Constructor.java:485)
at org.openqa.selenium.remote.ErrorCodec.decode(ErrorCodec.java:167)
at org.openqa.selenium.remote.codec.w3c.W3CHttpResponseCodec.decode(W3CHttpResponseCodec.java:138)
at org.openqa.selenium.remote.codec.w3c.W3CHttpResponseCodec.decode(W3CHttpResponseCodec.java:50)
at org.openqa.selenium.remote.HttpCommandExecutor.execute(HttpCommandExecutor.java:215)
at org.openqa.selenium.remote.service.DriverCommandExecutor.invokeExecute(DriverCommandExecutor.java:216)
at org.openqa.selenium.remote.service.DriverCommandExecutor.execute(DriverCommandExecutor.java:174)
at org.openqa.selenium.remote.RemoteWebDriver.execute(RemoteWebDriver.java:545)
at org.openqa.selenium.remote.RemoteWebElement.execute(RemoteWebElement.java:223)
at org.openqa.selenium.remote.RemoteWebElement.click(RemoteWebElement.java:76)
at com.capstoneproject_demowebshop.pageclass.Checkoutpage.payContinue(Checkoutpage.java:93)
at com.capstoneproject_demowebshop.stepdefinition.Stepdefinition.i_continue_with_payment_methods(Stepdefinition.java:377)
at ✽.I continue with payment methods(file:///C:/Users/User/eclipse-workspace/com.capstoneproject_demowebshop/src/test/resources/com.capstoneproject_demowebshop.features/Checkout.feature:13)
]]>
            </full-stacktrace>
          </exception> <!-- org.openqa.selenium.ElementClickInterceptedException -->
          <reporter-output>
          </reporter-output>
        </test-method> <!-- runScenario -->
        <test-method signature="runScenario(io.cucumber.testng.PickleWrapper,io.cucumber.testng.FeatureWrapper)[pri:0, instance:com.capstoneproject_demowebshop.runner.RunnerTestCase@2cd2a21f]" started-at="2025-03-21T16:35:44 IST" name="runScenario" description="Runs Cucumber Scenarios" data-provider="scenarios" finished-at="2025-03-21T16:36:20 IST" duration-ms="35165" status="PASS">
          <params>
            <param index="0">
              <value>
                <![CDATA["verifying the product details"]]>
              </value>
            </param>
            <param index="1">
              <value>
                <![CDATA["Product details page"]]>
              </value>
            </param>
          </params>
          <reporter-output>
          </reporter-output>
        </test-method> <!-- runScenario -->
        <test-method signature="runScenario(io.cucumber.testng.PickleWrapper,io.cucumber.testng.FeatureWrapper)[pri:0, instance:com.capstoneproject_demowebshop.runner.RunnerTestCase@2cd2a21f]" started-at="2025-03-21T16:36:20 IST" name="runScenario" description="Runs Cucumber Scenarios" data-provider="scenarios" finished-at="2025-03-21T16:36:38 IST" duration-ms="18784" status="PASS">
          <params>
            <param index="0">
              <value>
                <![CDATA["Perform remove actions on Shopping cart"]]>
              </value>
            </param>
            <param index="1">
              <value>
                <![CDATA["Perform adding and removing operations on shopping cart"]]>
              </value>
            </param>
          </params>
          <reporter-output>
          </reporter-output>
        </test-method> <!-- runScenario -->
        <test-method signature="runScenario(io.cucumber.testng.PickleWrapper,io.cucumber.testng.FeatureWrapper)[pri:0, instance:com.capstoneproject_demowebshop.runner.RunnerTestCase@2cd2a21f]" started-at="2025-03-21T16:36:38 IST" name="runScenario" description="Runs Cucumber Scenarios" data-provider="scenarios" finished-at="2025-03-21T16:37:04 IST" duration-ms="25164" status="PASS">
          <params>
            <param index="0">
              <value>
                <![CDATA["Perfome Update quantity actions in shopping cart"]]>
              </value>
            </param>
            <param index="1">
              <value>
                <![CDATA["Perform adding and removing operations on shopping cart"]]>
              </value>
            </param>
          </params>
          <reporter-output>
          </reporter-output>
        </test-method> <!-- runScenario -->
        <test-method signature="runScenario(io.cucumber.testng.PickleWrapper,io.cucumber.testng.FeatureWrapper)[pri:0, instance:com.capstoneproject_demowebshop.runner.RunnerTestCase@2cd2a21f]" started-at="2025-03-21T16:37:04 IST" name="runScenario" description="Runs Cucumber Scenarios" data-provider="scenarios" finished-at="2025-03-21T16:37:33 IST" duration-ms="29552" status="FAIL">
          <params>
            <param index="0">
              <value>
                <![CDATA["Register on the website with new mail id"]]>
              </value>
            </param>
            <param index="1">
              <value>
                <![CDATA["Register using mail id"]]>
              </value>
            </param>
          </params>
          <exception class="java.lang.AssertionError">
            <message>
              <![CDATA[expected [true] but found [false]]]>
            </message>
            <full-stacktrace>
              <![CDATA[java.lang.AssertionError: expected [true] but found [false]
at org.testng.Assert.fail(Assert.java:111)
at org.testng.Assert.failNotEquals(Assert.java:1578)
at org.testng.Assert.assertTrue(Assert.java:57)
at org.testng.Assert.assertTrue(Assert.java:67)
at com.capstoneproject_demowebshop.stepdefinition.Stepdefinition.registered_successfuly(Stepdefinition.java:84)
at ✽.Registered successfuly(file:///C:/Users/User/eclipse-workspace/com.capstoneproject_demowebshop/src/test/resources/com.capstoneproject_demowebshop.features/createaccount.feature:14)
]]>
            </full-stacktrace>
          </exception> <!-- java.lang.AssertionError -->
          <reporter-output>
          </reporter-output>
        </test-method> <!-- runScenario -->
        <test-method signature="runScenario(io.cucumber.testng.PickleWrapper,io.cucumber.testng.FeatureWrapper)[pri:0, instance:com.capstoneproject_demowebshop.runner.RunnerTestCase@2cd2a21f]" started-at="2025-03-21T16:37:33 IST" name="runScenario" description="Runs Cucumber Scenarios" data-provider="scenarios" finished-at="2025-03-21T16:38:07 IST" duration-ms="34132" status="PASS">
          <params>
            <param index="0">
              <value>
                <![CDATA["Register on the website with invalid email"]]>
              </value>
            </param>
            <param index="1">
              <value>
                <![CDATA["Register using mail id"]]>
              </value>
            </param>
          </params>
          <reporter-output>
          </reporter-output>
        </test-method> <!-- runScenario -->
        <test-method signature="runScenario(io.cucumber.testng.PickleWrapper,io.cucumber.testng.FeatureWrapper)[pri:0, instance:com.capstoneproject_demowebshop.runner.RunnerTestCase@2cd2a21f]" started-at="2025-03-21T16:38:07 IST" name="runScenario" description="Runs Cucumber Scenarios" data-provider="scenarios" finished-at="2025-03-21T16:38:27 IST" duration-ms="20038" status="PASS">
          <params>
            <param index="0">
              <value>
                <![CDATA["Login with valid credentials"]]>
              </value>
            </param>
            <param index="1">
              <value>
                <![CDATA["Register using mail id"]]>
              </value>
            </param>
          </params>
          <reporter-output>
          </reporter-output>
        </test-method> <!-- runScenario -->
        <test-method signature="runScenario(io.cucumber.testng.PickleWrapper,io.cucumber.testng.FeatureWrapper)[pri:0, instance:com.capstoneproject_demowebshop.runner.RunnerTestCase@2cd2a21f]" started-at="2025-03-21T16:38:27 IST" name="runScenario" description="Runs Cucumber Scenarios" data-provider="scenarios" finished-at="2025-03-21T16:38:41 IST" duration-ms="14011" status="PASS">
          <params>
            <param index="0">
              <value>
                <![CDATA["Login with valid credentials"]]>
              </value>
            </param>
            <param index="1">
              <value>
                <![CDATA["Register using mail id"]]>
              </value>
            </param>
          </params>
          <reporter-output>
          </reporter-output>
        </test-method> <!-- runScenario -->
        <test-method signature="runScenario(io.cucumber.testng.PickleWrapper,io.cucumber.testng.FeatureWrapper)[pri:0, instance:com.capstoneproject_demowebshop.runner.RunnerTestCase@2cd2a21f]" started-at="2025-03-21T16:38:41 IST" name="runScenario" description="Runs Cucumber Scenarios" data-provider="scenarios" finished-at="2025-03-21T16:38:56 IST" duration-ms="14795" status="PASS">
          <params>
            <param index="0">
              <value>
                <![CDATA["Forgot password with valid email"]]>
              </value>
            </param>
            <param index="1">
              <value>
                <![CDATA["Register using mail id"]]>
              </value>
            </param>
          </params>
          <reporter-output>
          </reporter-output>
        </test-method> <!-- runScenario -->
        <test-method signature="runScenario(io.cucumber.testng.PickleWrapper,io.cucumber.testng.FeatureWrapper)[pri:0, instance:com.capstoneproject_demowebshop.runner.RunnerTestCase@2cd2a21f]" started-at="2025-03-21T16:38:56 IST" name="runScenario" description="Runs Cucumber Scenarios" data-provider="scenarios" finished-at="2025-03-21T16:39:12 IST" duration-ms="16013" status="PASS">
          <params>
            <param index="0">
              <value>
                <![CDATA["Forgot password with valid email"]]>
              </value>
            </param>
            <param index="1">
              <value>
                <![CDATA["Register using mail id"]]>
              </value>
            </param>
          </params>
          <reporter-output>
          </reporter-output>
        </test-method> <!-- runScenario -->
        <test-method signature="runScenario(io.cucumber.testng.PickleWrapper,io.cucumber.testng.FeatureWrapper)[pri:0, instance:com.capstoneproject_demowebshop.runner.RunnerTestCase@2cd2a21f]" started-at="2025-03-21T16:39:12 IST" name="runScenario" description="Runs Cucumber Scenarios" data-provider="scenarios" finished-at="2025-03-21T16:39:30 IST" duration-ms="17716" status="PASS">
          <params>
            <param index="0">
              <value>
                <![CDATA["Verifying the major sections"]]>
              </value>
            </param>
            <param index="1">
              <value>
                <![CDATA["Home page search"]]>
              </value>
            </param>
          </params>
          <reporter-output>
          </reporter-output>
        </test-method> <!-- runScenario -->
        <test-method signature="runScenario(io.cucumber.testng.PickleWrapper,io.cucumber.testng.FeatureWrapper)[pri:0, instance:com.capstoneproject_demowebshop.runner.RunnerTestCase@2cd2a21f]" started-at="2025-03-21T16:39:30 IST" name="runScenario" description="Runs Cucumber Scenarios" data-provider="scenarios" finished-at="2025-03-21T16:39:44 IST" duration-ms="14526" status="PASS">
          <params>
            <param index="0">
              <value>
                <![CDATA["Verify search bar functionality"]]>
              </value>
            </param>
            <param index="1">
              <value>
                <![CDATA["Home page search"]]>
              </value>
            </param>
          </params>
          <reporter-output>
          </reporter-output>
        </test-method> <!-- runScenario -->
        <test-method is-config="true" signature="tearDownClass()[pri:0, instance:com.capstoneproject_demowebshop.runner.RunnerTestCase@2cd2a21f]" started-at="2025-03-21T16:39:44 IST" name="tearDownClass" finished-at="2025-03-21T16:39:45 IST" duration-ms="831" status="PASS">
          <reporter-output>
          </reporter-output>
        </test-method> <!-- tearDownClass -->
      </class> <!-- com.capstoneproject_demowebshop.runner.RunnerTestCase -->
    </test> <!-- Test -->
  </suite> <!-- Suite -->
</testng-results>
